0 info it worked if it ends with ok
1 verbose cli [ '/usr/bin/node', '/usr/bin/npm', 'run', 'build' ]
2 info using npm@3.10.10
3 info using node@v6.17.1
4 verbose run-script [ 'prebuild', 'build', 'postbuild' ]
5 info lifecycle fuse-react-app@4.1.1~prebuild: fuse-react-app@4.1.1
6 silly lifecycle fuse-react-app@4.1.1~prebuild: no script for prebuild, continuing
7 info lifecycle fuse-react-app@4.1.1~build: fuse-react-app@4.1.1
8 verbose lifecycle fuse-react-app@4.1.1~build: unsafe-perm in lifecycle true
9 verbose lifecycle fuse-react-app@4.1.1~build: PATH: /usr/lib/node_modules/npm/bin/node-gyp-bin:/home/346204.cloudwaysapps.com/qxkxxmrnmd/public_html/node_modules/.bin:/usr/local/bin:/usr/bin:/bin:/usr/local/games:/usr/games:/home/master/bin/npm:/home/master/bin/npm
10 verbose lifecycle fuse-react-app@4.1.1~build: CWD: /home/346204.cloudwaysapps.com/qxkxxmrnmd/public_html
11 silly lifecycle fuse-react-app@4.1.1~build: Args: [ '-c',
11 silly lifecycle   'yarn run tailwind && yarn run purge-tailwind && cross-env GENERATE_SOURCEMAP=false react-scripts build' ]
12 info lifecycle fuse-react-app@4.1.1~build: Failed to exec build script
13 verbose stack Error: fuse-react-app@4.1.1 build: `yarn run tailwind && yarn run purge-tailwind && cross-env GENERATE_SOURCEMAP=false react-scripts build`
13 verbose stack spawn ENOENT
13 verbose stack     at ChildProcess.<anonymous> (/usr/lib/node_modules/npm/lib/utils/spawn.js:33:16)
13 verbose stack     at emitTwo (events.js:106:13)
13 verbose stack     at ChildProcess.emit (events.js:191:7)
13 verbose stack     at maybeClose (internal/child_process.js:920:16)
13 verbose stack     at Process.ChildProcess._handle.onexit (internal/child_process.js:230:5)
14 verbose pkgid fuse-react-app@4.1.1
15 verbose cwd /home/346204.cloudwaysapps.com/qxkxxmrnmd/public_html
16 error Linux 4.9.0-11-amd64
17 error argv "/usr/bin/node" "/usr/bin/npm" "run" "build"
18 error node v6.17.1
19 error npm  v3.10.10
20 error file sh
21 error code ELIFECYCLE
22 error errno ENOENT
23 error syscall spawn
24 error fuse-react-app@4.1.1 build: `yarn run tailwind && yarn run purge-tailwind && cross-env GENERATE_SOURCEMAP=false react-scripts build`
24 error spawn ENOENT
25 error Failed at the fuse-react-app@4.1.1 build script 'yarn run tailwind && yarn run purge-tailwind && cross-env GENERATE_SOURCEMAP=false react-scripts build'.
25 error Make sure you have the latest version of node.js and npm installed.
25 error If you do, this is most likely a problem with the fuse-react-app package,
25 error not with npm itself.
25 error Tell the author that this fails on your system:
25 error     yarn run tailwind && yarn run purge-tailwind && cross-env GENERATE_SOURCEMAP=false react-scripts build
25 error You can get information on how to open an issue for this project with:
25 error     npm bugs fuse-react-app
25 error Or if that isn't available, you can get their info via:
25 error     npm owner ls fuse-react-app
25 error There is likely additional logging output above.
26 verbose exit [ 1, true ]
